<?xml version="1.0" encoding="UTF-8"?>
<!-- Generated by org.testng.reporters.JUnitReportReporter -->
<testsuite skipped="1" hostname="Prakat-L-015" name="RestAssured.Focus.Tc_006ApllyNowpage" tests="2" failures="0" timestamp="2020-03-14T09:15:38 IST" time="15.662" errors="1">
  <testcase name="selectBrowsers" time="15.662" classname="RestAssured.Focus.Tc_006ApllyNowpage">
    <error type="org.openqa.selenium.SessionNotCreatedException" message="session not created
from chrome not reachable
  (Session info: chrome=80.0.3987.132)
Build info: version: &#039;3.141.5&#039;, revision: &#039;d54ebd709a&#039;, time: &#039;2018-11-06T11:42:16&#039;
System info: host: &#039;PRAKAT-L-015&#039;, ip: &#039;192.168.1.147&#039;, os.name: &#039;Windows 10&#039;, os.arch: &#039;amd64&#039;, os.version: &#039;10.0&#039;, java.version: &#039;1.8.0_202&#039;
Driver info: driver.version: ChromeDriver
remote stacktrace: Backtrace:
	Ordinal0 [0x0086A113+1548563]
	Ordinal0 [0x007EDDA1+1039777]
	Ordinal0 [0x0076E32E+516910]
	Ordinal0 [0x00768012+491538]
	Ordinal0 [0x007686EB+493291]
	Ordinal0 [0x00769855+497749]
	Ordinal0 [0x00765885+481413]
	Ordinal0 [0x0076F0D0+520400]
	Ordinal0 [0x0071C030+180272]
	Ordinal0 [0x0071B59D+177565]
	Ordinal0 [0x007195FB+169467]
	Ordinal0 [0x0070160A+71178]
	Ordinal0 [0x00702690+75408]
	Ordinal0 [0x00702629+75305]
	Ordinal0 [0x008071B7+1143223]
	GetHandleVerifier [0x00902B46+507814]
	GetHandleVerifier [0x00902864+507076]
	GetHandleVerifier [0x00909F47+537511]
	GetHandleVerifier [0x00903402+510050]
	Ordinal0 [0x007FF29C+1110684]
	Ordinal0 [0x0080938B+1151883]
	Ordinal0 [0x008094F3+1152243]
	Ordinal0 [0x008083F5+1147893]
	BaseThreadInitThunk [0x756C6359+25]
	RtlGetAppContainerNamedObjectPath [0x77257B74+228]
	RtlGetAppContainerNamedObjectPath [0x77257B44+180]
">
      <![CDATA[org.openqa.selenium.SessionNotCreatedException: session not created
from chrome not reachable
  (Session info: chrome=80.0.3987.132)
Build info: version: '3.141.5', revision: 'd54ebd709a', time: '2018-11-06T11:42:16'
System info: host: 'PRAKAT-L-015', ip: '192.168.1.147', os.name: 'Windows 10', os.arch: 'amd64', os.version: '10.0', java.version: '1.8.0_202'
Driver info: driver.version: ChromeDriver
remote stacktrace: Backtrace:
Ordinal0 [0x0086A113+1548563]
Ordinal0 [0x007EDDA1+1039777]
Ordinal0 [0x0076E32E+516910]
Ordinal0 [0x00768012+491538]
Ordinal0 [0x007686EB+493291]
Ordinal0 [0x00769855+497749]
Ordinal0 [0x00765885+481413]
Ordinal0 [0x0076F0D0+520400]
Ordinal0 [0x0071C030+180272]
Ordinal0 [0x0071B59D+177565]
Ordinal0 [0x007195FB+169467]
Ordinal0 [0x0070160A+71178]
Ordinal0 [0x00702690+75408]
Ordinal0 [0x00702629+75305]
Ordinal0 [0x008071B7+1143223]
GetHandleVerifier [0x00902B46+507814]
GetHandleVerifier [0x00902864+507076]
GetHandleVerifier [0x00909F47+537511]
GetHandleVerifier [0x00903402+510050]
Ordinal0 [0x007FF29C+1110684]
Ordinal0 [0x0080938B+1151883]
Ordinal0 [0x008094F3+1152243]
Ordinal0 [0x008083F5+1147893]
BaseThreadInitThunk [0x756C6359+25]
RtlGetAppContainerNamedObjectPath [0x77257B74+228]
RtlGetAppContainerNamedObjectPath [0x77257B44+180]

at sun.reflect.NativeConstructorAccessorImpl.newInstance0(Native Method)
at sun.reflect.NativeConstructorAccessorImpl.newInstance(NativeConstructorAccessorImpl.java:62)
at sun.reflect.DelegatingConstructorAccessorImpl.newInstance(DelegatingConstructorAccessorImpl.java:45)
at java.lang.reflect.Constructor.newInstance(Constructor.java:423)
at org.openqa.selenium.remote.W3CHandshakeResponse.lambda$errorHandler$0(W3CHandshakeResponse.java:62)
at org.openqa.selenium.remote.HandshakeResponse.lambda$getResponseFunction$0(HandshakeResponse.java:30)
at org.openqa.selenium.remote.ProtocolHandshake.lambda$createSession$0(ProtocolHandshake.java:123)
at java.util.stream.ReferencePipeline$3$1.accept(ReferencePipeline.java:193)
at java.util.Spliterators$ArraySpliterator.tryAdvance(Spliterators.java:958)
at java.util.stream.ReferencePipeline.forEachWithCancel(ReferencePipeline.java:126)
at java.util.stream.AbstractPipeline.copyIntoWithCancel(AbstractPipeline.java:498)
at java.util.stream.AbstractPipeline.copyInto(AbstractPipeline.java:485)
at java.util.stream.AbstractPipeline.wrapAndCopyInto(AbstractPipeline.java:471)
at java.util.stream.FindOps$FindOp.evaluateSequential(FindOps.java:152)
at java.util.stream.AbstractPipeline.evaluate(AbstractPipeline.java:234)
at java.util.stream.ReferencePipeline.findFirst(ReferencePipeline.java:464)
at org.openqa.selenium.remote.ProtocolHandshake.createSession(ProtocolHandshake.java:125)
at org.openqa.selenium.remote.ProtocolHandshake.createSession(ProtocolHandshake.java:74)
at org.openqa.selenium.remote.HttpCommandExecutor.execute(HttpCommandExecutor.java:136)
at org.openqa.selenium.remote.service.DriverCommandExecutor.execute(DriverCommandExecutor.java:83)
at org.openqa.selenium.remote.RemoteWebDriver.execute(RemoteWebDriver.java:552)
at org.openqa.selenium.remote.RemoteWebDriver.startSession(RemoteWebDriver.java:213)
at org.openqa.selenium.remote.RemoteWebDriver.<init>(RemoteWebDriver.java:131)
at org.openqa.selenium.chrome.ChromeDriver.<init>(ChromeDriver.java:181)
at org.openqa.selenium.chrome.ChromeDriver.<init>(ChromeDriver.java:168)
at org.openqa.selenium.chrome.ChromeDriver.<init>(ChromeDriver.java:123)
at RestAssured.Focus.BaseClass.selectBrowsers(BaseClass.java:16)
at sun.reflect.NativeMethodAccessorImpl.invoke0(Native Method)
at sun.reflect.NativeMethodAccessorImpl.invoke(NativeMethodAccessorImpl.java:62)
at sun.reflect.DelegatingMethodAccessorImpl.invoke(DelegatingMethodAccessorImpl.java:43)
at java.lang.reflect.Method.invoke(Method.java:498)
at org.testng.internal.MethodInvocationHelper.invokeMethod(MethodInvocationHelper.java:134)
at org.testng.internal.MethodInvocationHelper.invokeMethodConsideringTimeout(MethodInvocationHelper.java:63)
at org.testng.internal.ConfigInvoker.invokeConfigurationMethod(ConfigInvoker.java:348)
at org.testng.internal.ConfigInvoker.invokeConfigurations(ConfigInvoker.java:302)
at org.testng.internal.TestMethodWorker.invokeBeforeClassMethods(TestMethodWorker.java:176)
at org.testng.internal.TestMethodWorker.run(TestMethodWorker.java:122)
at java.util.ArrayList.forEach(ArrayList.java:1257)
at org.testng.TestRunner.privateRun(TestRunner.java:766)
at org.testng.TestRunner.run(TestRunner.java:587)
at org.testng.SuiteRunner.runTest(SuiteRunner.java:384)
at org.testng.SuiteRunner.access$000(SuiteRunner.java:28)
at org.testng.SuiteRunner$SuiteWorker.run(SuiteRunner.java:425)
at org.testng.internal.thread.ThreadUtil.lambda$execute$0(ThreadUtil.java:68)
at java.util.concurrent.FutureTask.run(FutureTask.java:266)
at java.util.concurrent.ThreadPoolExecutor.runWorker(ThreadPoolExecutor.java:1149)
at java.util.concurrent.ThreadPoolExecutor$Worker.run(ThreadPoolExecutor.java:624)
at java.lang.Thread.run(Thread.java:748)
]]>
    </error>
  </testcase> <!-- selectBrowsers -->
  <system-out/>
  <testcase name="LoginTest" time="0.000" classname="RestAssured.Focus.Tc_006ApllyNowpage">
    <skipped/>
  </testcase> <!-- LoginTest -->
  <system-out/>
</testsuite> <!-- RestAssured.Focus.Tc_006ApllyNowpage -->
